c:\users\stefano\dropbox\c++ game tutorials\asciiroguegame\asciiroguegame\debug\vc120.pdb
c:\users\stefano\dropbox\c++ game tutorials\asciiroguegame\asciiroguegame\debug\vc120.idb
c:\users\stefano\dropbox\c++ game tutorials\asciiroguegame\asciiroguegame\debug\vc140.pdb
c:\users\stefano\dropbox\c++ game tutorials\asciiroguegame\asciiroguegame\debug\vc140.idb
c:\users\stefano\dropbox\c++ game tutorials\asciiroguegame\asciiroguegame\debug\main.obj
c:\users\stefano\dropbox\c++ game tutorials\asciiroguegame\asciiroguegame\debug\gamemanager.obj
c:\users\stefano\dropbox\c++ game tutorials\asciiroguegame\asciiroguegame\debug\player.obj
c:\users\stefano\dropbox\c++ game tutorials\asciiroguegame\asciiroguegame\debug\position.obj
c:\users\stefano\dropbox\c++ game tutorials\asciiroguegame\asciiroguegame\debug\level.obj
c:\users\stefano\dropbox\c++ game tutorials\asciiroguegame\asciiroguegame\debug\enemy.obj
c:\users\stefano\dropbox\c++ game tutorials\asciiroguegame\asciiroguegame\debug\character.obj
c:\users\stefano\dropbox\c++ game tutorials\asciiroguegame\debug\asciiroguegame.ilk
c:\users\stefano\dropbox\c++ game tutorials\asciiroguegame\debug\asciiroguegame.exe
c:\users\stefano\dropbox\c++ game tutorials\asciiroguegame\debug\asciiroguegame.pdb
c:\users\stefano\dropbox\c++ game tutorials\asciiroguegame\asciiroguegame\debug\asciiroguegame.tlog\cl.command.1.tlog
c:\users\stefano\dropbox\c++ game tutorials\asciiroguegame\asciiroguegame\debug\asciiroguegame.tlog\cl.read.1.tlog
c:\users\stefano\dropbox\c++ game tutorials\asciiroguegame\asciiroguegame\debug\asciiroguegame.tlog\cl.write.1.tlog
c:\users\stefano\dropbox\c++ game tutorials\asciiroguegame\asciiroguegame\debug\asciiroguegame.tlog\link.command.1.tlog
c:\users\stefano\dropbox\c++ game tutorials\asciiroguegame\asciiroguegame\debug\asciiroguegame.tlog\link.read.1.tlog
c:\users\stefano\dropbox\c++ game tutorials\asciiroguegame\asciiroguegame\debug\asciiroguegame.tlog\link.write.1.tlog
